<?xml version="1.0" encoding="UTF-8"?>
<!-- Generated by org.testng.reporters.JUnitReportReporter -->
<testsuite hostname="DESKTOP-NU8MI4J" failures="0" tests="1" name="tests.DemoTest" time="0.006" errors="0" timestamp="2022-12-20T15:28:13 IST" skipped="0">
  <testcase classname="tests.DemoTest" name="test1" time="0.006"/>
  <system-out/>
</testsuite> <!-- tests.DemoTest -->
